<?xml version="1.0" encoding="UTF-8"?>
<!-- Generated by org.testng.reporters.JUnitXMLReporter -->
<testsuite ignored="0" hostname="DESKTOP-JPKOAUS" failures="0" tests="6" name="Test" time="0.203" errors="0" timestamp="2025-04-22T11:14:49 IST">
  <testcase classname="testng.Annotations.C1" name="abc" time="0.001"/>
  <testcase classname="testng.Annotations.C2" name="xyz" time="0.0"/>
  <testcase classname="testng.Annotations.AllAnnotations" name="testMethod1" time="0.0"/>
  <testcase classname="testng.Annotations.AllAnnotations" name="tm1" time="0.0"/>
  <testcase classname="testng.Annotations.AllAnnotations" name="testMethod2" time="0.001"/>
  <testcase classname="testng.Annotations.AllAnnotations" name="tm2" time="0.001"/>
</testsuite> <!-- Test -->
