<?xml version="1.0" encoding="UTF-8"?>
<!-- Generated by org.testng.reporters.JUnitXMLReporter -->
<testsuite ignored="0" hostname="DESKTOP-JPKOAUS" failures="0" tests="7" name="Test" time="9.196" errors="0" timestamp="2025-04-22T09:46:55 IST">
  <testcase classname="testng.Annotations.C1" name="abc" time="0.006"/>
  <testcase classname="testng.Annotations.C2" name="xyz" time="0.004"/>
  <testcase classname="testng.Annotations.C3" name="pqr" time="0.001"/>
  <testcase classname="testng.Annotations.OrangeHRMTest" name="openApp" time="5.648"/>
  <testcase classname="testng.Annotations.OrangeHRMTest" name="testlogo" time="3.038"/>
  <testcase classname="testng.Annotations.OrangeHRMTest" name="testlogin" time="0.149"/>
  <testcase classname="testng.Annotations.OrangeHRMTest" name="closeApp" time="0.113"/>
</testsuite> <!-- Test -->
