<?xml version="1.0" encoding="UTF-8"?>
<!-- Generated by org.testng.reporters.JUnitXMLReporter -->
<testsuite ignored="0" hostname="DESKTOP-JPKOAUS" failures="0" tests="3" name="ChromeTest" time="11.626" errors="0" timestamp="2025-04-07T23:09:58 IST">
  <testcase classname="testng.Parameterization.ParallelTesting" name="testlogo" time="0.081"/>
  <testcase classname="testng.Parameterization.ParallelTesting" name="testtitle" time="0.029"/>
  <testcase classname="testng.Parameterization.ParallelTesting" name="testUrl" time="0.027"/>
</testsuite> <!-- ChromeTest -->
