<?xml version="1.0" encoding="UTF-8"?>
<!-- Generated by org.testng.reporters.JUnitXMLReporter -->
<testsuite ignored="0" hostname="DESKTOP-JPKOAUS" failures="0" tests="3" name="EdgeTest" time="12.855" errors="0" timestamp="2025-04-07T23:09:59 IST">
  <testcase classname="testng.Parameterization.ParallelTesting" name="testlogo" time="0.047"/>
  <testcase classname="testng.Parameterization.ParallelTesting" name="testtitle" time="0.026"/>
  <testcase classname="testng.Parameterization.ParallelTesting" name="testUrl" time="0.029"/>
</testsuite> <!-- EdgeTest -->
