<?xml version="1.0" encoding="UTF-8"?>
<testsuite xmlns:xsi="http://www.w3.org/2001/XMLSchema-instance" xsi:noNamespaceSchemaLocation="https://maven.apache.org/surefire/maven-surefire-plugin/xsd/surefire-test-report.xsd" version="3.0.2" name="TestSuite" time="1.051" tests="9" errors="0" skipped="0" failures="0">
  <properties>
[...]
</properties>
  <testcase name="abc" classname="testng.Annotations.C1" time="0.019">
    <system-out><![CDATA[[BeforeSuite] - This runs once before the entire test suite.
This is BeforeSuite...
[INFO] Test Suite Execution Started... Initializing Extent Report...
[INFO] Extent Report setup completed.
[BeforeTest] - This runs before all test methods inside the <test> tag in the XML.
This is BeforeTest method...
This is BeforeTest method...
This is abc from C1...
[PASS] Test Passed: abc
]]></system-out>
    <system-err><![CDATA[[main] WARN org.testng.TestNG - Ignoring duplicate listener : testng.Listners.ExtentReportManager
]]></system-err>
  </testcase>
  <testcase name="abc" classname="testng.Annotations.C1" time="0.0">
    <system-out><![CDATA[[AfterMethod] - This runs after each test method.
This is After method...
This is AfterClass method...
[AfterClass] - This runs once after all test methods in this class.
[AfterTest] - This runs after all test methods inside the <test> tag in the XML.
This is AfterTest method...
This is AfterTest method...
[INFO] Test Suite Execution Completed. Flushing Extent Report...
[INFO] Report generated at: C:\Users\ASUS\eclipse-workspace\webdriver-fundamentals/reports/MyReport.html
[AfterSuite] - This runs once after the entire test suite.
This is AfterSuite...
This is BeforeSuite method...
[INFO] Test Suite Execution Started... Initializing Extent Report...
[INFO] Extent Report setup completed.
This is BeforeTest method...
This is abc from C1...
[PASS] Test Passed: abc
]]></system-out>
  </testcase>
  <testcase name="xyz" classname="testng.Annotations.C2" time="0.009">
    <system-out><![CDATA[This is xyz from C2...
[PASS] Test Passed: xyz
]]></system-out>
  </testcase>
  <testcase name="xyz" classname="testng.Annotations.C2" time="0.002">
    <system-out><![CDATA[This is xyz from C2...
[PASS] Test Passed: xyz
]]></system-out>
  </testcase>
  <testcase name="testMethod1" classname="testng.Annotations.AllAnnotations" time="0.0">
    <system-out><![CDATA[This is BeforeClass method...
[BeforeClass] - This runs once before the first test method in this class.
[BeforeMethod] - This runs before each test method.
This is before method...
[Test] - Executing Test Method 1
[PASS] Test Passed: testMethod1
]]></system-out>
  </testcase>
  <testcase name="tm1" classname="testng.Annotations.AllAnnotations" time="0.0">
    <system-out><![CDATA[[AfterMethod] - This runs after each test method.
This is After method...
[BeforeMethod] - This runs before each test method.
This is before method...
This is Test method1....
[PASS] Test Passed: tm1
]]></system-out>
  </testcase>
  <testcase name="testMethod2" classname="testng.Annotations.AllAnnotations" time="0.001">
    <system-out><![CDATA[[AfterMethod] - This runs after each test method.
This is After method...
[BeforeMethod] - This runs before each test method.
This is before method...
[Test] - Executing Test Method 2
[PASS] Test Passed: testMethod2
]]></system-out>
  </testcase>
  <testcase name="tm2" classname="testng.Annotations.AllAnnotations" time="0.0">
    <system-out><![CDATA[[AfterMethod] - This runs after each test method.
This is After method...
[BeforeMethod] - This runs before each test method.
This is before method...
This is Test method2....
[PASS] Test Passed: tm2
]]></system-out>
  </testcase>
  <testcase name="pqr" classname="testng.Annotations.C3" time="0.003">
    <system-out><![CDATA[This is pqr from C3...
[PASS] Test Passed: pqr
]]></system-out>
  </testcase>
</testsuite>