<?xml version="1.0" encoding="UTF-8"?>
<testng-results ignored="0" total="6" passed="6" failed="0" skipped="0">
  <reporter-output>
  </reporter-output>
  <suite started-at="2025-04-22T09:49:51 IST" name="Master Suite" finished-at="2025-04-22T09:49:51 IST" duration-ms="264">
    <groups>
    </groups>
    <test started-at="2025-04-22T09:49:51 IST" name="Test" finished-at="2025-04-22T09:49:51 IST" duration-ms="264">
      <class name="testng.Annotations.C2">
        <test-method signature="xyz()[pri:0, instance:testng.Annotations.C2@43c1b556]" started-at="2025-04-22T09:49:51 IST" name="xyz" finished-at="2025-04-22T09:49:51 IST" duration-ms="2" status="PASS">
          <reporter-output>
          </reporter-output>
        </test-method> <!-- xyz -->
        <test-method is-config="true" signature="at()[pri:0, instance:testng.Annotations.C2@43c1b556]" started-at="2025-04-22T09:49:51 IST" name="at" finished-at="2025-04-22T09:49:51 IST" duration-ms="0" status="PASS">
          <reporter-output>
          </reporter-output>
        </test-method> <!-- at -->
      </class> <!-- testng.Annotations.C2 -->
      <class name="testng.Annotations.C1">
        <test-method is-config="true" signature="bt()[pri:0, instance:testng.Annotations.C1@69453e37]" started-at="2025-04-22T09:49:51 IST" name="bt" finished-at="2025-04-22T09:49:51 IST" duration-ms="0" status="PASS">
          <reporter-output>
          </reporter-output>
        </test-method> <!-- bt -->
        <test-method signature="abc()[pri:0, instance:testng.Annotations.C1@69453e37]" started-at="2025-04-22T09:49:51 IST" name="abc" finished-at="2025-04-22T09:49:51 IST" duration-ms="6" status="PASS">
          <reporter-output>
          </reporter-output>
        </test-method> <!-- abc -->
      </class> <!-- testng.Annotations.C1 -->
      <class name="testng.Annotations.AllAnnotations">
        <test-method is-config="true" signature="beforeSuite()[pri:0, instance:testng.Annotations.AllAnnotations@1e66f1f5]" started-at="2025-04-22T09:49:51 IST" name="beforeSuite" finished-at="2025-04-22T09:49:51 IST" duration-ms="13" status="PASS">
          <reporter-output>
          </reporter-output>
        </test-method> <!-- beforeSuite -->
        <test-method is-config="true" signature="bs()[pri:0, instance:testng.Annotations.AllAnnotations@1e66f1f5]" started-at="2025-04-22T09:49:51 IST" name="bs" finished-at="2025-04-22T09:49:51 IST" duration-ms="1" status="PASS">
          <reporter-output>
          </reporter-output>
        </test-method> <!-- bs -->
        <test-method is-config="true" signature="beforeTest()[pri:0, instance:testng.Annotations.AllAnnotations@1e66f1f5]" started-at="2025-04-22T09:49:51 IST" name="beforeTest" finished-at="2025-04-22T09:49:51 IST" duration-ms="1" status="PASS">
          <reporter-output>
          </reporter-output>
        </test-method> <!-- beforeTest -->
        <test-method is-config="true" signature="bt()[pri:0, instance:testng.Annotations.AllAnnotations@1e66f1f5]" started-at="2025-04-22T09:49:51 IST" name="bt" finished-at="2025-04-22T09:49:51 IST" duration-ms="0" status="PASS">
          <reporter-output>
          </reporter-output>
        </test-method> <!-- bt -->
        <test-method is-config="true" signature="beforeClass()[pri:0, instance:testng.Annotations.AllAnnotations@1e66f1f5]" started-at="2025-04-22T09:49:51 IST" name="beforeClass" finished-at="2025-04-22T09:49:51 IST" duration-ms="1" status="PASS">
          <reporter-output>
          </reporter-output>
        </test-method> <!-- beforeClass -->
        <test-method is-config="true" signature="bc()[pri:0, instance:testng.Annotations.AllAnnotations@1e66f1f5]" started-at="2025-04-22T09:49:51 IST" name="bc" finished-at="2025-04-22T09:49:51 IST" duration-ms="0" status="PASS">
          <reporter-output>
          </reporter-output>
        </test-method> <!-- bc -->
        <test-method is-config="true" signature="beforeMethod()[pri:0, instance:testng.Annotations.AllAnnotations@1e66f1f5]" started-at="2025-04-22T09:49:51 IST" name="beforeMethod" finished-at="2025-04-22T09:49:51 IST" duration-ms="0" status="PASS">
          <reporter-output>
          </reporter-output>
        </test-method> <!-- beforeMethod -->
        <test-method signature="testMethod1()[pri:1, instance:testng.Annotations.AllAnnotations@1e66f1f5]" started-at="2025-04-22T09:49:51 IST" name="testMethod1" finished-at="2025-04-22T09:49:51 IST" duration-ms="2" status="PASS">
          <reporter-output>
          </reporter-output>
        </test-method> <!-- testMethod1 -->
        <test-method is-config="true" signature="bm()[pri:0, instance:testng.Annotations.AllAnnotations@1e66f1f5]" started-at="2025-04-22T09:49:51 IST" name="bm" finished-at="2025-04-22T09:49:51 IST" duration-ms="0" status="PASS">
          <reporter-output>
          </reporter-output>
        </test-method> <!-- bm -->
        <test-method is-config="true" signature="afterMethod()[pri:0, instance:testng.Annotations.AllAnnotations@1e66f1f5]" started-at="2025-04-22T09:49:51 IST" name="afterMethod" finished-at="2025-04-22T09:49:51 IST" duration-ms="0" status="PASS">
          <reporter-output>
          </reporter-output>
        </test-method> <!-- afterMethod -->
        <test-method is-config="true" signature="am()[pri:0, instance:testng.Annotations.AllAnnotations@1e66f1f5]" started-at="2025-04-22T09:49:51 IST" name="am" finished-at="2025-04-22T09:49:51 IST" duration-ms="0" status="PASS">
          <reporter-output>
          </reporter-output>
        </test-method> <!-- am -->
        <test-method is-config="true" signature="beforeMethod()[pri:0, instance:testng.Annotations.AllAnnotations@1e66f1f5]" started-at="2025-04-22T09:49:51 IST" name="beforeMethod" finished-at="2025-04-22T09:49:51 IST" duration-ms="1" status="PASS">
          <reporter-output>
          </reporter-output>
        </test-method> <!-- beforeMethod -->
        <test-method is-config="true" signature="bm()[pri:0, instance:testng.Annotations.AllAnnotations@1e66f1f5]" started-at="2025-04-22T09:49:51 IST" name="bm" finished-at="2025-04-22T09:49:51 IST" duration-ms="0" status="PASS">
          <reporter-output>
          </reporter-output>
        </test-method> <!-- bm -->
        <test-method signature="tm1()[pri:1, instance:testng.Annotations.AllAnnotations@1e66f1f5]" started-at="2025-04-22T09:49:51 IST" name="tm1" finished-at="2025-04-22T09:49:51 IST" duration-ms="1" status="PASS">
          <reporter-output>
          </reporter-output>
        </test-method> <!-- tm1 -->
        <test-method is-config="true" signature="afterMethod()[pri:0, instance:testng.Annotations.AllAnnotations@1e66f1f5]" started-at="2025-04-22T09:49:51 IST" name="afterMethod" finished-at="2025-04-22T09:49:51 IST" duration-ms="0" status="PASS">
          <reporter-output>
          </reporter-output>
        </test-method> <!-- afterMethod -->
        <test-method is-config="true" signature="am()[pri:0, instance:testng.Annotations.AllAnnotations@1e66f1f5]" started-at="2025-04-22T09:49:51 IST" name="am" finished-at="2025-04-22T09:49:51 IST" duration-ms="1" status="PASS">
          <reporter-output>
          </reporter-output>
        </test-method> <!-- am -->
        <test-method is-config="true" signature="beforeMethod()[pri:0, instance:testng.Annotations.AllAnnotations@1e66f1f5]" started-at="2025-04-22T09:49:51 IST" name="beforeMethod" finished-at="2025-04-22T09:49:51 IST" duration-ms="1" status="PASS">
          <reporter-output>
          </reporter-output>
        </test-method> <!-- beforeMethod -->
        <test-method signature="testMethod2()[pri:2, instance:testng.Annotations.AllAnnotations@1e66f1f5]" started-at="2025-04-22T09:49:51 IST" name="testMethod2" finished-at="2025-04-22T09:49:51 IST" duration-ms="1" status="PASS">
          <reporter-output>
          </reporter-output>
        </test-method> <!-- testMethod2 -->
        <test-method is-config="true" signature="bm()[pri:0, instance:testng.Annotations.AllAnnotations@1e66f1f5]" started-at="2025-04-22T09:49:51 IST" name="bm" finished-at="2025-04-22T09:49:51 IST" duration-ms="0" status="PASS">
          <reporter-output>
          </reporter-output>
        </test-method> <!-- bm -->
        <test-method is-config="true" signature="afterMethod()[pri:0, instance:testng.Annotations.AllAnnotations@1e66f1f5]" started-at="2025-04-22T09:49:51 IST" name="afterMethod" finished-at="2025-04-22T09:49:51 IST" duration-ms="1" status="PASS">
          <reporter-output>
          </reporter-output>
        </test-method> <!-- afterMethod -->
        <test-method is-config="true" signature="am()[pri:0, instance:testng.Annotations.AllAnnotations@1e66f1f5]" started-at="2025-04-22T09:49:51 IST" name="am" finished-at="2025-04-22T09:49:51 IST" duration-ms="0" status="PASS">
          <reporter-output>
          </reporter-output>
        </test-method> <!-- am -->
        <test-method is-config="true" signature="beforeMethod()[pri:0, instance:testng.Annotations.AllAnnotations@1e66f1f5]" started-at="2025-04-22T09:49:51 IST" name="beforeMethod" finished-at="2025-04-22T09:49:51 IST" duration-ms="0" status="PASS">
          <reporter-output>
          </reporter-output>
        </test-method> <!-- beforeMethod -->
        <test-method is-config="true" signature="bm()[pri:0, instance:testng.Annotations.AllAnnotations@1e66f1f5]" started-at="2025-04-22T09:49:51 IST" name="bm" finished-at="2025-04-22T09:49:51 IST" duration-ms="1" status="PASS">
          <reporter-output>
          </reporter-output>
        </test-method> <!-- bm -->
        <test-method signature="tm2()[pri:2, instance:testng.Annotations.AllAnnotations@1e66f1f5]" started-at="2025-04-22T09:49:51 IST" name="tm2" finished-at="2025-04-22T09:49:51 IST" duration-ms="1" status="PASS">
          <reporter-output>
          </reporter-output>
        </test-method> <!-- tm2 -->
        <test-method is-config="true" signature="afterMethod()[pri:0, instance:testng.Annotations.AllAnnotations@1e66f1f5]" started-at="2025-04-22T09:49:51 IST" name="afterMethod" finished-at="2025-04-22T09:49:51 IST" duration-ms="1" status="PASS">
          <reporter-output>
          </reporter-output>
        </test-method> <!-- afterMethod -->
        <test-method is-config="true" signature="ac()[pri:0, instance:testng.Annotations.AllAnnotations@1e66f1f5]" started-at="2025-04-22T09:49:51 IST" name="ac" finished-at="2025-04-22T09:49:51 IST" duration-ms="2" status="PASS">
          <reporter-output>
          </reporter-output>
        </test-method> <!-- ac -->
        <test-method is-config="true" signature="am()[pri:0, instance:testng.Annotations.AllAnnotations@1e66f1f5]" started-at="2025-04-22T09:49:51 IST" name="am" finished-at="2025-04-22T09:49:51 IST" duration-ms="0" status="PASS">
          <reporter-output>
          </reporter-output>
        </test-method> <!-- am -->
        <test-method is-config="true" signature="afterTest()[pri:0, instance:testng.Annotations.AllAnnotations@1e66f1f5]" started-at="2025-04-22T09:49:51 IST" name="afterTest" finished-at="2025-04-22T09:49:51 IST" duration-ms="1" status="PASS">
          <reporter-output>
          </reporter-output>
        </test-method> <!-- afterTest -->
        <test-method is-config="true" signature="afterClass()[pri:0, instance:testng.Annotations.AllAnnotations@1e66f1f5]" started-at="2025-04-22T09:49:51 IST" name="afterClass" finished-at="2025-04-22T09:49:51 IST" duration-ms="0" status="PASS">
          <reporter-output>
          </reporter-output>
        </test-method> <!-- afterClass -->
        <test-method is-config="true" signature="at()[pri:0, instance:testng.Annotations.AllAnnotations@1e66f1f5]" started-at="2025-04-22T09:49:51 IST" name="at" finished-at="2025-04-22T09:49:51 IST" duration-ms="0" status="PASS">
          <reporter-output>
          </reporter-output>
        </test-method> <!-- at -->
        <test-method is-config="true" signature="afterSuite()[pri:0, instance:testng.Annotations.AllAnnotations@1e66f1f5]" started-at="2025-04-22T09:49:51 IST" name="afterSuite" finished-at="2025-04-22T09:49:51 IST" duration-ms="1" status="PASS">
          <reporter-output>
          </reporter-output>
        </test-method> <!-- afterSuite -->
        <test-method is-config="true" signature="as()[pri:0, instance:testng.Annotations.AllAnnotations@1e66f1f5]" started-at="2025-04-22T09:49:51 IST" name="as" finished-at="2025-04-22T09:49:51 IST" duration-ms="1" status="PASS">
          <reporter-output>
          </reporter-output>
        </test-method> <!-- as -->
      </class> <!-- testng.Annotations.AllAnnotations -->
    </test> <!-- Test -->
  </suite> <!-- Master Suite -->
</testng-results>
